<?xml version="1.0" encoding="UTF-8" ?>
<testsuite errors="1" failures="0" hostname="balu-Inspiron-N5050" name="NewEmptyJUnitTest" tests="1" time="0.066" timestamp="2014-01-15T18:00:06">
  <properties>
    <property name="default.javac.source" value="1.7" />
    <property name="file.encoding.pkg" value="sun.io" />
    <property name="ant.file.type.OrderedJobKata-impl" value="file" />
    <property name="javac.source" value="1.7" />
    <property name="testng.debug.mode" value="" />
    <property name="netbeans.system_http_proxy" value="DIRECT" />
    <property name="java.home" value="/usr/local/java/jdk1.7.0_40/jre" />
    <property name="do.archive+manifest.available+main.class" value="true" />
    <property name="test.src.dir" value="test" />
    <property name="libs.JAXB-ENDORSED.javadoc" value="" />
    <property name="sun.java2d.dpiaware" value="true" />
    <property name="libs.jaxws21.src" value="" />
    <property name="javadoc.version" value="false" />
    <property name="libs.javaee-api-5.0.maven-pom" value="" />
    <property name="libs.CopyLibs.classpath" value="/home/balu/netbeans-7.3.1/java/ant/extra/org-netbeans-modules-java-j2seproject-copylibstask.jar" />
    <property name="libs.javac-api.src" value="" />
    <property name="sun.font.fontmanager" value="sun.awt.X11FontManager" />
    <property name="libs.restlib.src" value="" />
    <property name="java.endorsed.dirs" value="/usr/local/java/jdk1.7.0_40/jre/lib/endorsed" />
    <property name="libs.MySQLDriver.classpath" value="/home/balu/netbeans-7.3.1/ide/modules/ext/mysql-connector-java-5.1.23-bin.jar" />
    <property name="libs.jaxb.javadoc" value="/home/balu/netbeans-7.3.1/ide/docs/jaxb-api-doc.zip" />
    <property name="libs.junit.maven-pom" value="" />
    <property name="libs.PostgreSQLDriver.src" value="" />
    <property name="src.dir" value="src" />
    <property name="sun.java2d.noddraw" value="true" />
    <property name="debug-args-line" value="-Xdebug" />
    <property name="netbeans.hash.code" value="unique=NB_CND0481b9bdd-3fe0-46fe-be27-664f39137143_352325e0-bd62-46ae-be7f-259662c95b20" />
    <property name="build.sysclasspath" value="ignore" />
    <property name="have.sources" value="true" />
    <property name="includes" value="**" />
    <property name="javac.fork" value="false" />
    <property name="source.encoding" value="UTF-8" />
    <property name="libs.jaxws21.classpath" value="/home/balu/netbeans-7.3.1/ide/modules/ext/jaxb/jaxb-impl.jar:/home/balu/netbeans-7.3.1/ide/modules/ext/jaxb/jaxb-xjc.jar:/home/balu/netbeans-7.3.1/java/modules/ext/jaxws22/FastInfoset.jar:/home/balu/netbeans-7.3.1/java/modules/ext/jaxws22/gmbal-api-only.jar:/home/balu/netbeans-7.3.1/java/modules/ext/jaxws22/ha-api.jar:/home/balu/netbeans-7.3.1/java/modules/ext/jaxws22/javax.mail_1.4.jar:/home/balu/netbeans-7.3.1/java/modules/ext/jaxws22/jaxws-rt.jar:/home/balu/netbeans-7.3.1/java/modules/ext/jaxws22/jaxws-tools.jar:/home/balu/netbeans-7.3.1/java/modules/ext/jaxws22/management-api.jar:/home/balu/netbeans-7.3.1/java/modules/ext/jaxws22/mimepull.jar:/home/balu/netbeans-7.3.1/java/modules/ext/jaxws22/policy.jar:/home/balu/netbeans-7.3.1/java/modules/ext/jaxws22/saaj-impl.jar:/home/balu/netbeans-7.3.1/java/modules/ext/jaxws22/stax-ex.jar:/home/balu/netbeans-7.3.1/java/modules/ext/jaxws22/stax2-api.jar:/home/balu/netbeans-7.3.1/java/modules/ext/jaxws22/streambuffer.jar:/home/balu/netbeans-7.3.1/java/modules/ext/jaxws22/woodstox-core-asl.jar:/home/balu/netbeans-7.3.1/java/modules/ext/jaxws22/api/jaxws-api.jar:/home/balu/netbeans-7.3.1/java/modules/ext/jaxws22/api/jsr181-api.jar:/home/balu/netbeans-7.3.1/java/modules/ext/jaxws22/api/javax.annotation.jar:/home/balu/netbeans-7.3.1/java/modules/ext/jaxws22/api/saaj-api.jar:/home/balu/netbeans-7.3.1/ide/modules/ext/jaxb/activation.jar:/home/balu/netbeans-7.3.1/ide/modules/ext/jaxb/api/jaxb-api.jar:/home/balu/netbeans-7.3.1/ide/modules/ext/jaxb/api/jsr173_1.0_api.jar" />
    <property name="libs.swing-app-framework.javadoc" value="/home/balu/netbeans-7.3.1/java/docs/appframework-1.0.3-doc.zip" />
    <property name="sun.os.patch.level" value="unknown" />
    <property name="java.vendor.url" value="http://java.oracle.com/" />
    <property name="libs.restapi.src" value="" />
    <property name="java.version" value="1.7.0_40" />
    <property name="nb.show.statistics.ui" value="usageStatisticsEnabled" />
    <property name="libs.testng.src" value="" />
    <property name="javac.debug" value="true" />
    <property name="org.openide.major.version" value="IDE/1" />
    <property name="libs.JAXB-ENDORSED.classpath" value="/home/balu/netbeans-7.3.1/ide/modules/ext/jaxb/api/jaxb-api.jar" />
    <property name="run.classpath" value=":build/classes" />
    <property name="libs.PostgreSQLDriver.maven-pom" value="" />
    <property name="java.vendor.url.bug" value="http://bugreport.sun.com/bugreport/" />
    <property name="netbeans.autoupdate.variant" value="" />
    <property name="libs.eclipselink.javadoc" value="" />
    <property name="libs.junit_4.maven-pom" value="" />
    <property name="netbeans.buildnumber" value="201306052037" />
    <property name="ant.project.invoked-targets" value="test" />
    <property name="jna.platform.library.path" value="/usr/lib/x86_64-linux-gnu:/lib/x86_64-linux-gnu:/lib64:/usr/lib:/lib" />
    <property name="annotation.processing.run.all.processors" value="true" />
    <property name="manifest.file" value="manifest.mf" />
    <property name="libs.swing-app-framework.maven-pom" value="" />
    <property name="user.name" value="balu" />
    <property name="manifest.available+main.class+mkdist.available" value="true" />
    <property name="libs.testng.maven-pom" value="" />
    <property name="empty.dir" value="/home/balu/work/OrderedJobKata/build/empty" />
    <property name="sun.io.unicode.encoding" value="UnicodeLittle" />
    <property name="sun.jnu.encoding" value="UTF-8" />
    <property name="java.runtime.name" value="Java(TM) SE Runtime Environment" />
    <property name="jdk.home" value="/usr/local/java/jdk1.7.0_40" />
    <property name="netbeans.autoupdate.version" value="1.23" />
    <property name="netbeans.dirs" value="/home/balu/netbeans-7.3.1/nb:/home/balu/netbeans-7.3.1/ergonomics:/home/balu/netbeans-7.3.1/ide:/home/balu/netbeans-7.3.1/java:/home/balu/netbeans-7.3.1/apisupport:/home/balu/netbeans-7.3.1/webcommon:/home/balu/netbeans-7.3.1/websvccommon:/home/balu/netbeans-7.3.1/enterprise:/home/balu/netbeans-7.3.1/mobility:/home/balu/netbeans-7.3.1/profiler:/home/balu/netbeans-7.3.1/python:/home/balu/netbeans-7.3.1/php:/home/balu/netbeans-7.3.1/identity:/home/balu/netbeans-7.3.1/harness:/home/balu/netbeans-7.3.1/cnd:/home/balu/netbeans-7.3.1/dlight:/home/balu/netbeans-7.3.1/groovy:/home/balu/netbeans-7.3.1/extra:/home/balu/netbeans-7.3.1/javacard:/home/balu/netbeans-7.3.1/javafx:" />
    <property name="main.class.available" value="true" />
    <property name="java.specification.name" value="Java Platform API Specification" />
    <property name="sun.awt.datatransfer.timeout" value="1000" />
    <property name="javadoc.author" value="false" />
    <property name="ap.proc.none.internal" value="" />
    <property name="user.timezone" value="" />
    <property name="nb.native.filechooser" value="false" />
    <property name="netbeans.system_http_non_proxy_hosts" value="" />
    <property name="manifest.available" value="true" />
    <property name="libs.spring-framework.maven-pom" value="" />
    <property name="libs.junit.javadoc" value="/home/balu/netbeans-7.3.1/java/docs/junit-3.8.2-api.zip" />
    <property name="org.openide.specification.version" value="6.2" />
    <property name="path.separator" value=":" />
    <property name="testng.mode" value="testng" />
    <property name="version-output" value="java version &quot;1.7" />
    <property name="libs.jaxb.maven-pom" value="" />
    <property name="netbeans.accept_license_class" value="org.netbeans.license.AcceptLicense" />
    <property name="file.encoding" value="UTF-8" />
    <property name="libs.eclipselink.src" value="" />
    <property name="dist.javadoc.dir" value="dist/javadoc" />
    <property name="ant.project.default-target" value="default" />
    <property name="libs.JAXB-ENDORSED.src" value="" />
    <property name="sun.java.command" value="org.apache.tools.ant.taskdefs.optional.junit.JUnitTestRunner NewEmptyJUnitTest filtertrace=true haltOnError=false haltOnFailure=false showoutput=true outputtoformatters=true logfailedtests=true logtestlistenerevents=true formatter=org.apache.tools.ant.taskdefs.optional.junit.BriefJUnitResultFormatter formatter=org.apache.tools.ant.taskdefs.optional.junit.XMLJUnitResultFormatter,/home/balu/work/OrderedJobKata/build/test/results/TEST-NewEmptyJUnitTest.xml crashfile=/home/balu/work/OrderedJobKata/build/junitvmwatcher5931504621631846164.properties propsfile=/home/balu/work/OrderedJobKata/build/junit3255496756723977911.properties" />
    <property name="built-jar.properties" value="/home/balu/work/OrderedJobKata/build/built-jar.properties" />
    <property name="libs.junit.src" value="" />
    <property name="libs.javaee-api-5.0.javadoc" value="" />
    <property name="ant.junit.enabletestlistenerevents" value="true" />
    <property name="ant.file" value="/home/balu/work/OrderedJobKata/build.xml" />
    <property name="libs.junit_4.src" value="/home/balu/netbeans-7.3.1/java/docs/junit-4.10-sources.jar" />
    <property name="junit.available" value="true" />
    <property name="netbeans.autoupdate.language" value="en" />
    <property name="java.io.tmpdir" value="/tmp" />
    <property name="build.test.results.dir" value="build/test/results" />
    <property name="user.language" value="en" />
    <property name="libs.jpa20-persistence.classpath" value="/home/balu/netbeans-7.3.1/java/modules/ext/eclipselink/javax.persistence_2.1.0.v201304241213.jar" />
    <property name="libs.spring-framework300.src" value="" />
    <property name="line.separator" value="&#xa;" />
    <property name="apple.laf.useScreenMenuBar" value="true" />
    <property name="javac.compilerargs" value="" />
    <property name="libs.restapi.classpath" value="/home/balu/netbeans-7.3.1/enterprise/modules/ext/rest/jsr311-api-1.1.1.jar" />
    <property name="jar.compress" value="false" />
    <property name="debug-transport-by-os" value="dt_socket" />
    <property name="libs.JWSAntTasks.src" value="" />
    <property name="java.vm.info" value="mixed mode" />
    <property name="libs.javac-api.maven-pom" value="" />
    <property name="libs.restlib.classpath" value="/home/balu/netbeans-7.3.1/enterprise/modules/ext/rest/asm-3.1.jar:/home/balu/netbeans-7.3.1/enterprise/modules/ext/rest/jackson-core-asl-1.9.2.jar:/home/balu/netbeans-7.3.1/enterprise/modules/ext/rest/jackson-jaxrs-1.9.2.jar:/home/balu/netbeans-7.3.1/enterprise/modules/ext/rest/jackson-mapper-asl-1.9.2.jar:/home/balu/netbeans-7.3.1/enterprise/modules/ext/rest/jackson-xc-1.9.2.jar:/home/balu/netbeans-7.3.1/enterprise/modules/ext/rest/jersey-apache-client-1.13.jar:/home/balu/netbeans-7.3.1/enterprise/modules/ext/rest/jersey-atom-abdera-1.13.jar:/home/balu/netbeans-7.3.1/enterprise/modules/ext/rest/jersey-client-1.13.jar:/home/balu/netbeans-7.3.1/enterprise/modules/ext/rest/jersey-core-1.13.jar:/home/balu/netbeans-7.3.1/enterprise/modules/ext/rest/jersey-guice-1.13.jar:/home/balu/netbeans-7.3.1/enterprise/modules/ext/rest/jersey-json-1.13.jar:/home/balu/netbeans-7.3.1/enterprise/modules/ext/rest/jersey-multipart-1.13.jar:/home/balu/netbeans-7.3.1/enterprise/modules/ext/rest/jersey-server-1.13.jar:/home/balu/netbeans-7.3.1/enterprise/modules/ext/rest/jersey-servlet-1.13.jar:/home/balu/netbeans-7.3.1/enterprise/modules/ext/rest/jersey-simple-server-1.13.jar:/home/balu/netbeans-7.3.1/enterprise/modules/ext/rest/jersey-spring-1.13.jar:/home/balu/netbeans-7.3.1/enterprise/modules/ext/rest/jettison-1.1.jar:/home/balu/netbeans-7.3.1/enterprise/modules/ext/rest/oauth-client-1.13.jar:/home/balu/netbeans-7.3.1/enterprise/modules/ext/rest/oauth-server-1.13.jar:/home/balu/netbeans-7.3.1/enterprise/modules/ext/rest/oauth-signature-1.13.jar:/home/balu/netbeans-7.3.1/ide/modules/ext/jaxb/activation.jar:/home/balu/netbeans-7.3.1/ide/modules/ext/jaxb/api/jaxb-api.jar:/home/balu/netbeans-7.3.1/ide/modules/ext/jaxb/api/jsr173_1.0_api.jar" />
    <property name="javadoc.private" value="false" />
    <property name="annotation.processing.processors.list" value="" />
    <property name="sun.desktop" value="gnome" />
    <property name="build.test.classes.dir" value="build/test/classes" />
    <property name="java.vm.specification.name" value="Java Virtual Machine Specification" />
    <property name="libs.jaxb.src" value="" />
    <property name="libs.MySQLDriver.javadoc" value="" />
    <property name="test.binaryexcludes" value="" />
    <property name="netbeans.dynamic.classpath" value="/home/balu/netbeans-7.3.1/platform/core/org-openide-filesystems.jar:/home/balu/netbeans-7.3.1/platform/core/core.jar:/home/balu/netbeans-7.3.1/platform/core/locale/org-openide-filesystems_pt_BR.jar:/home/balu/netbeans-7.3.1/platform/core/locale/core_pt_BR.jar:/home/balu/netbeans-7.3.1/platform/core/locale/core_zh_CN.jar:/home/balu/netbeans-7.3.1/platform/core/locale/core_ru.jar:/home/balu/netbeans-7.3.1/platform/core/locale/core_ja.jar:/home/balu/netbeans-7.3.1/platform/core/locale/org-openide-filesystems_zh_CN.jar:/home/balu/netbeans-7.3.1/platform/core/locale/org-openide-filesystems_ru.jar:/home/balu/netbeans-7.3.1/platform/core/locale/org-openide-filesystems_ja.jar:/home/balu/netbeans-7.3.1/nb/core/org-netbeans-upgrader.jar:/home/balu/netbeans-7.3.1/nb/core/locale/core_nb.jar:/home/balu/netbeans-7.3.1/nb/core/locale/org-netbeans-upgrader_pt_BR.jar:/home/balu/netbeans-7.3.1/nb/core/locale/org-netbeans-upgrader_zh_CN.jar:/home/balu/netbeans-7.3.1/nb/core/locale/org-netbeans-upgrader_ja.jar:/home/balu/netbeans-7.3.1/nb/core/locale/org-netbeans-upgrader_ru.jar" />
    <property name="manifest.available+main.class" value="true" />
    <property name="platform.active" value="default_platform" />
    <property name="ap.cmd.line.internal" value="" />
    <property name="jdkBug6558476" value="false" />
    <property name="libs.spring-framework300.classpath" value="/home/balu/netbeans-7.3.1/ide/modules/org-apache-commons-logging.jar:/home/balu/netbeans-7.3.1/java/modules/ext/cglib-2.2.jar:/home/balu/netbeans-7.3.1/java/modules/ext/spring-3.0/spring-aop-3.1.1.RELEASE.jar:/home/balu/netbeans-7.3.1/java/modules/ext/spring-3.0/spring-asm-3.1.1.RELEASE.jar:/home/balu/netbeans-7.3.1/java/modules/ext/spring-3.0/spring-aspects-3.1.1.RELEASE.jar:/home/balu/netbeans-7.3.1/java/modules/ext/spring-3.0/spring-beans-3.1.1.RELEASE.jar:/home/balu/netbeans-7.3.1/java/modules/ext/spring-3.0/spring-context-3.1.1.RELEASE.jar:/home/balu/netbeans-7.3.1/java/modules/ext/spring-3.0/spring-context-support-3.1.1.RELEASE.jar:/home/balu/netbeans-7.3.1/java/modules/ext/spring-3.0/spring-core-3.1.1.RELEASE.jar:/home/balu/netbeans-7.3.1/java/modules/ext/spring-3.0/spring-expression-3.1.1.RELEASE.jar:/home/balu/netbeans-7.3.1/java/modules/ext/spring-3.0/spring-instrument-3.1.1.RELEASE.jar:/home/balu/netbeans-7.3.1/java/modules/ext/spring-3.0/spring-instrument-tomcat-3.1.1.RELEASE.jar:/home/balu/netbeans-7.3.1/java/modules/ext/spring-3.0/spring-jdbc-3.1.1.RELEASE.jar:/home/balu/netbeans-7.3.1/java/modules/ext/spring-3.0/spring-jms-3.1.1.RELEASE.jar:/home/balu/netbeans-7.3.1/java/modules/ext/spring-3.0/spring-orm-3.1.1.RELEASE.jar:/home/balu/netbeans-7.3.1/java/modules/ext/spring-3.0/spring-oxm-3.1.1.RELEASE.jar:/home/balu/netbeans-7.3.1/java/modules/ext/spring-3.0/spring-test-3.1.1.RELEASE.jar:/home/balu/netbeans-7.3.1/java/modules/ext/spring-3.0/spring-tx-3.1.1.RELEASE.jar:/home/balu/netbeans-7.3.1/java/modules/ext/spring-3.0/spring-web-3.1.1.RELEASE.jar:/home/balu/netbeans-7.3.1/java/modules/ext/spring-3.0/spring-webmvc-portlet-3.1.1.RELEASE.jar:/home/balu/netbeans-7.3.1/java/modules/ext/spring-3.0/spring-webmvc-3.1.1.RELEASE.jar:/home/balu/netbeans-7.3.1/java/modules/ext/spring-3.0/spring-struts-3.1.1.RELEASE.jar" />
    <property name="libs.junit_4.javadoc" value="/home/balu/netbeans-7.3.1/java/docs/junit-4.10-javadoc.jar" />
    <property name="libs.spring-framework.src" value="" />
    <property name="netbeans.autoupdate.country" value="US" />
    <property name="do.mkdist" value="true" />
    <property name="javadoc.encoding" value="UTF-8" />
    <property name="java.awt.printerjob" value="sun.print.PSPrinterJob" />
    <property name="ap.processors.internal" value="" />
    <property name="do.archive" value="true" />
    <property name="dist.jar" value="dist/OrderedJobKata.jar" />
    <property name="meta.inf.dir" value="src/META-INF" />
    <property name="ant.version" value="Apache Ant(TM) version 1.8.4 compiled on May 22 2012" />
    <property name="netbeans.home" value="/home/balu/netbeans-7.3.1/platform" />
    <property name="javadoc.nonavbar" value="false" />
    <property name="libs.jpa20-persistence.src" value="" />
    <property name="user.properties.file" value="/home/balu/.netbeans/7.3.1/build.properties" />
    <property name="libs.JWSAntTasks.classpath" value="/home/balu/netbeans-7.3.1/java/ant/extra/org-netbeans-modules-javawebstart-anttasks.jar" />
    <property name="netbeans.importclass" value="org.netbeans.upgrade.AutoUpgrade" />
    <property name="libs.spring-framework.javadoc" value="" />
    <property name="libs.CopyLibs.maven-pom" value="" />
    <property name="annotation.processing.source.output" value="build/generated-sources/ap-source-output" />
    <property name="build.generated.dir" value="build/generated" />
    <property name="netbeans.home+have.tests" value="true" />
    <property name="libs.eclipselink.maven-pom" value="" />
    <property name="apple.awt.graphics.UseQuartz" value="true" />
    <property name="os.name" value="Linux" />
    <property name="libs.restlib.javadoc" value="/home/balu/netbeans-7.3.1/enterprise/docs/jersey-1.13-javadoc.zip:/home/balu/netbeans-7.3.1/enterprise/docs/jersey-apache-client-1.13-javadoc.zip:/home/balu/netbeans-7.3.1/enterprise/docs/jersey-atom-abdera-1.13-javadoc.zip:/home/balu/netbeans-7.3.1/enterprise/docs/jersey-guice-1.13-javadoc.zip:/home/balu/netbeans-7.3.1/enterprise/docs/jersey-multipart-1.13-javadoc.zip:/home/balu/netbeans-7.3.1/enterprise/docs/jersey-simple-server-1.13-javadoc.zip:/home/balu/netbeans-7.3.1/enterprise/docs/jersey-spring-1.13-javadoc.zip:/home/balu/netbeans-7.3.1/enterprise/docs/oauth-client-1.13-javadoc.zip:/home/balu/netbeans-7.3.1/enterprise/docs/oauth-server-1.13-javadoc.zip:/home/balu/netbeans-7.3.1/enterprise/docs/oauth-signature-1.13-javadoc.zip" />
    <property name="libs.javaee-api-5.0.classpath" value="/home/balu/.netbeans/7.3.1/modules/ext/javaee5.jar" />
    <property name="java.specification.vendor" value="Oracle Corporation" />
    <property name="nb.wait.for.caches" value="true" />
    <property name="run.test.classpath" value=":build/classes:/home/balu/netbeans-7.3.1/platform/modules/ext/junit-4.10.jar:build/test/classes" />
    <property name="do.archive+main.class.available" value="true" />
    <property name="libs.CopyLibs.src" value="" />
    <property name="java.vm.name" value="Java HotSpot(TM) 64-Bit Server VM" />
    <property name="manifest.available-mkdist.available" value="true" />
    <property name="org.openide.version" value="deprecated" />
    <property name="sun.awt.enableExtraMouseButtons" value="true" />
    <property name="libs.junit.classpath" value="/home/balu/netbeans-7.3.1/java/modules/ext/junit-3.8.2.jar" />
    <property name="java.library.path" value="/usr/local/java/jdk1.7.0_40/jre/lib/amd64:/usr/local/java/jdk1.7.0_40/jre/lib/i386::/usr/java/packages/lib/amd64:/usr/lib64:/lib64:/lib:/usr/lib" />
    <property name="ap.supported.internal" value="true" />
    <property name="libs.PostgreSQLDriver.javadoc" value="" />
    <property name="ant.java.version" value="1.7" />
    <property name="jna.boot.library.name" value="jnidispatch-340" />
    <property name="basedir" value="/home/balu/work/OrderedJobKata" />
    <property name="java.class.version" value="51.0" />
    <property name="javadoc.noindex" value="false" />
    <property name="javac.test.classpath" value=":build/classes:/home/balu/netbeans-7.3.1/platform/modules/ext/junit-4.10.jar" />
    <property name="javac.processorpath" value="" />
    <property name="ant.home" value="/home/balu/netbeans-7.3.1/java/ant" />
    <property name="javadoc.splitindex" value="true" />
    <property name="libs.javac-api.javadoc" value="" />
    <property name="javac.test.processorpath" value=":build/classes:/home/balu/netbeans-7.3.1/platform/modules/ext/junit-4.10.jar" />
    <property name="javadoc.preview" value="true" />
    <property name="libs.MySQLDriver.maven-pom" value="" />
    <property name="copylibs.rebase" value="true" />
    <property name="libs.CopyLibs.javadoc" value="" />
    <property name="libs.restapi.javadoc" value="/home/balu/netbeans-7.3.1/enterprise/docs/jsr311-api-1.1.1-javadoc.zip" />
    <property name="libs.PostgreSQLDriver.classpath" value="/home/balu/netbeans-7.3.1/ide/modules/ext/postgresql-9.2-1002.jdbc4.jar" />
    <property name="junit.forkmode" value="perTest" />
    <property name="libs.jaxws21.maven-pom" value="" />
    <property name="libs.junit_4.classpath" value="/home/balu/netbeans-7.3.1/platform/modules/ext/junit-4.10.jar" />
    <property name="test.binarytestincludes" value="" />
    <property name="ant.file.OrderedJobKata-impl" value="/home/balu/work/OrderedJobKata/nbproject/build-impl.xml" />
    <property name="build.dir" value="build" />
    <property name="sun.boot.library.path" value="/usr/local/java/jdk1.7.0_40/jre/lib/amd64" />
    <property name="ant.file.type.OrderedJobKata" value="file" />
    <property name="sun.management.compiler" value="HotSpot 64-Bit Tiered Compilers" />
    <property name="libs.swing-app-framework.classpath" value="/home/balu/netbeans-7.3.1/java/modules/ext/appframework-1.0.3.jar:/home/balu/netbeans-7.3.1/java/modules/ext/swing-worker-1.1.jar" />
    <property name="libs.testng.classpath" value="/home/balu/netbeans-7.3.1/platform/modules/ext/testng-6.5.1-dist.jar" />
    <property name="java.awt.graphicsenv" value="sun.awt.X11GraphicsEnvironment" />
    <property name="libs.jpa20-persistence.javadoc" value="" />
    <property name="javadoc.encoding.used" value="UTF-8" />
    <property name="javadoc.windowtitle" value="" />
    <property name="libs.testng.javadoc" value="/home/balu/netbeans-7.3.1/platform/docs/testng-6.5.1-javadoc.zip" />
    <property name="netbeans.productversion" value="NetBeans IDE 7.3.1 (Build 201306052037)" />
    <property name="run.jvmargs.ide" value="" />
    <property name="libs.JAXB-ENDORSED.maven-pom" value="" />
    <property name="annotation.processing.enabled" value="true" />
    <property name="run.jvmargs" value="" />
    <property name="build.generated.sources.dir" value="build/generated-sources" />
    <property name="nb.junit.single" value="false" />
    <property name="build.compiler.emacs" value="true" />
    <property name="ant.project.name" value="OrderedJobKata" />
    <property name="libs.spring-framework.classpath" value="/home/balu/netbeans-7.3.1/ide/modules/org-apache-commons-logging.jar:/home/balu/netbeans-7.3.1/java/modules/ext/cglib-2.2.jar:/home/balu/netbeans-7.3.1/java/modules/ext/spring/spring-2.5.6.SEC03.jar" />
    <property name="libs.javaee-api-5.0.src" value="" />
    <property name="ant.file.OrderedJobKata" value="/home/balu/work/OrderedJobKata/build.xml" />
    <property name="java.vm.specification.version" value="1.7" />
    <property name="libs.jaxb.classpath" value="/home/balu/netbeans-7.3.1/ide/modules/ext/jaxb/jaxb-impl.jar:/home/balu/netbeans-7.3.1/ide/modules/ext/jaxb/jaxb-xjc.jar:/home/balu/netbeans-7.3.1/ide/modules/ext/jaxb/jaxb1-impl.jar:/home/balu/netbeans-7.3.1/ide/modules/ext/jaxb/activation.jar:/home/balu/netbeans-7.3.1/ide/modules/ext/jaxb/api/jaxb-api.jar:/home/balu/netbeans-7.3.1/ide/modules/ext/jaxb/api/jsr173_1.0_api.jar" />
    <property name="work.dir" value="/home/balu/work/OrderedJobKata" />
    <property name="awt.toolkit" value="sun.awt.X11.XToolkit" />
    <property name="manifest.available+main.class-mkdist.available" value="true" />
    <property name="javadoc.use" value="true" />
    <property name="sun.cpu.isalist" value="" />
    <property name="java.ext.dirs" value="/usr/local/java/jdk1.7.0_40/jre/lib/ext:/usr/java/packages/lib/ext" />
    <property name="netbeans.default_userdir_root" value="/home/balu/.netbeans" />
    <property name="os.version" value="3.2.0-58-generic" />
    <property name="excludes" value="" />
    <property name="user.home" value="/home/balu" />
    <property name="org.xml.sax.driver" value="com.sun.org.apache.xerces.internal.jaxp.SAXParserImpl$JAXPSAXParser" />
    <property name="java.vm.vendor" value="Oracle Corporation" />
    <property name="user.dir" value="/home/balu/work/OrderedJobKata" />
    <property name="debug-transport" value="dt_socket" />
    <property name="application.args" value="" />
    <property name="sun.cpu.endian" value="little" />
    <property name="compile.on.save" value="true" />
    <property name="ignore.failing.tests" value="true" />
    <property name="endorsed.classpath.cmd.line.arg" value="-Xbootclasspath/p:&apos;/home/balu/work/OrderedJobKata/${endorsed.classpath}&apos;" />
    <property name="jar.index" value="false" />
    <property name="libs.spring-framework300.javadoc" value="" />
    <property name="test.binaryincludes" value="&lt;nothing&gt;" />
    <property name="libs.MySQLDriver.src" value="" />
    <property name="java.vm.version" value="24.0-b56" />
    <property name="java.class.path" value="/home/balu/work/OrderedJobKata/build/classes:/home/balu/netbeans-7.3.1/platform/modules/ext/junit-4.10.jar:/home/balu/work/OrderedJobKata/build/test/classes:/home/balu/netbeans-7.3.1/java/ant/lib/ant-launcher.jar:/home/balu/netbeans-7.3.1/java/ant/lib/ant.jar:/home/balu/netbeans-7.3.1/java/ant/lib/ant-junit.jar:/home/balu/netbeans-7.3.1/java/ant/lib/ant-junit4.jar" />
    <property name="annotation.processing.processor.options" value="" />
    <property name="os.arch" value="amd64" />
    <property name="javac.deprecation" value="false" />
    <property name="libs.jpa20-persistence.maven-pom" value="" />
    <property name="build.classes.excludes" value="**/*.java,**/*.form" />
    <property name="dist.dir" value="dist" />
    <property name="netbeans.user" value="/home/balu/.netbeans/7.3.1" />
    <property name="debug.classpath" value=":build/classes" />
    <property name="sun.java.launcher" value="SUN_STANDARD" />
    <property name="jar.index.metainf" value="false" />
    <property name="annotation.processing.enabled.in.editor" value="false" />
    <property name="ant.core.lib" value="/home/balu/netbeans-7.3.1/java/ant/lib/ant.jar" />
    <property name="libs.restapi.maven-pom" value="" />
    <property name="java.vm.specification.vendor" value="Oracle Corporation" />
    <property name="do.depend" value="false" />
    <property name="file.separator" value="/" />
    <property name="java.runtime.version" value="1.7.0_40-b43" />
    <property name="sun.boot.class.path" value="/home/balu/work/OrderedJobKata/${endorsed.classpath}:/usr/local/java/jdk1.7.0_40/jre/lib/resources.jar:/usr/local/java/jdk1.7.0_40/jre/lib/rt.jar:/usr/local/java/jdk1.7.0_40/jre/lib/sunrsasign.jar:/usr/local/java/jdk1.7.0_40/jre/lib/jsse.jar:/usr/local/java/jdk1.7.0_40/jre/lib/jce.jar:/usr/local/java/jdk1.7.0_40/jre/lib/charsets.jar:/usr/local/java/jdk1.7.0_40/jre/lib/jfr.jar:/usr/local/java/jdk1.7.0_40/jre/classes" />
    <property name="debug.test.classpath" value=":build/classes:/home/balu/netbeans-7.3.1/platform/modules/ext/junit-4.10.jar:build/test/classes" />
    <property name="libs.restlib.maven-pom" value="" />
    <property name="nb.junit.batch" value="true" />
    <property name="have.tests" value="true" />
    <property name="main.class" value="orderedjobkata.OrderedJobKata" />
    <property name="libs.JWSAntTasks.maven-pom" value="" />
    <property name="java.util.logging.config.class" value="org.netbeans.core.startup.TopLogging" />
    <property name="libs.javac-api.classpath" value="/home/balu/netbeans-7.3.1/java/modules/ext/nb-javac-api.jar" />
    <property name="user.country" value="US" />
    <property name="javadoc.notree" value="false" />
    <property name="libs.spring-framework300.maven-pom" value="" />
    <property name="libs.jaxws21.javadoc" value="/home/balu/netbeans-7.3.1/java/docs/jaxws-api-doc.zip" />
    <property name="default.javac.target" value="1.7" />
    <property name="javac.classpath" value="" />
    <property name="javadoc.additionalparam" value="" />
    <property name="build.classes.dir" value="build/classes" />
    <property name="do.archive+manifest.available" value="true" />
    <property name="javac.target" value="1.7" />
    <property name="java.vendor" value="Oracle Corporation" />
    <property name="libs.eclipselink.classpath" value="/home/balu/netbeans-7.3.1/java/modules/ext/eclipselink/eclipselink.jar:/home/balu/netbeans-7.3.1/java/modules/ext/eclipselink/javax.persistence_2.1.0.v201304241213.jar:/home/balu/netbeans-7.3.1/java/modules/ext/eclipselink/org.eclipse.persistence.jpa.jpql_2.5.0.v20130507-3faac2b.jar" />
    <property name="runtime.encoding" value="UTF-8" />
    <property name="libs.swing-app-framework.src" value="" />
    <property name="java.specification.version" value="1.7" />
    <property name="libs.JWSAntTasks.javadoc" value="" />
    <property name="sun.arch.data.model" value="64" />
    <property name="mkdist.disabled" value="false" />
  </properties>
  <testcase classname="NewEmptyJUnitTest" name="initializationError" time="0.006">
    <error message="No runnable methods" type="java.lang.Exception">java.lang.Exception: No runnable methods
	at java.lang.reflect.Constructor.newInstance(Constructor.java:526)
</error>
  </testcase>
  <system-out><![CDATA[]]></system-out>
  <system-err><![CDATA[]]></system-err>
</testsuite>
